<?xml version="1.0" encoding="UTF-8"?>
<!-- Generated by org.testng.reporters.JUnitXMLReporter -->
<testsuite ignored="0" hostname="DESKTOP-6CCDDVK" failures="0" tests="1" name="Search Tests" time="0.222" errors="0" timestamp="2024-07-03T20:46:43 ICT">
  <testcase classname="Base.BaseTestcase" name="@BeforeClass setup" time="0.134">
    <failure type="java.lang.IllegalStateException" message="The driver executable does not exist: C:\selenium\chromedriver-win64c\hromedriver.exe">
      <![CDATA[java.lang.IllegalStateException: The driver executable does not exist: C:\selenium\chromedriver-win64c\hromedriver.exe
at com.google.common.base.Preconditions.checkState(Preconditions.java:585)
at org.openqa.selenium.remote.service.DriverService.checkExecutable(DriverService.java:146)
at org.openqa.selenium.remote.service.DriverService.findExecutable(DriverService.java:141)
at org.openqa.selenium.chrome.ChromeDriverService.access$000(ChromeDriverService.java:35)
at org.openqa.selenium.chrome.ChromeDriverService$Builder.findDefaultExecutable(ChromeDriverService.java:159)
at org.openqa.selenium.remote.service.DriverService$Builder.build(DriverService.java:355)
at org.openqa.selenium.chrome.ChromeDriverService.createDefaultService(ChromeDriverService.java:94)
at org.openqa.selenium.chrome.ChromeDriver.<init>(ChromeDriver.java:123)
at Base.DriverFactory.getDriver(DriverFactory.java:21)
at Base.BaseTestcase.setup(BaseTestcase.java:34)
at java.base/java.util.ArrayList.forEach(ArrayList.java:1511)
... Removed 29 stack frames]]>
    </failure>
  </testcase> <!-- @BeforeClass setup -->
  <testcase classname="Base.BaseTestcase" name="@AfterClass tearDown" time="0.0">
    <skipped/>
  </testcase> <!-- @AfterClass tearDown -->
  <testcase classname="Testcase.HomeBlazedTc" name="Testcase1" time="0.0">
    <skipped/>
  </testcase> <!-- Testcase1 -->
</testsuite> <!-- Search Tests -->
