-------------------------------------------------------------------------------
Test set: TestSuite
-------------------------------------------------------------------------------
Tests run: 3, Failures: 1, Errors: 0, Skipped: 2, Time elapsed: 1.235 s <<< FAILURE! - in TestSuite
Testcase.HomeBlazedTc.setup  Time elapsed: 0.757 s  <<< FAILURE!
java.lang.IllegalStateException: The driver executable does not exist: C:\selenium\chromedriver-win64c\hromedriver.exe

